Using pre-set license

 COMMAND LINE ARGUMENTS:
/Applications/Unity/Hub/Editor/2020.3.1f1/Unity.app/Contents/MacOS/Unity
-adb2
-batchMode
-noUpm
-name
AssetImportWorker0
-projectPath
/Users/bjerre/Work/Askov/GameDesign/Github/2DPlatformer_1920/2DPlatformer
-logFile
Logs/AssetImportWorker0.log
-srvPort
51173
Successfully changed project path to: /Users/bjerre/Work/Askov/GameDesign/Github/2DPlatformer_1920/2DPlatformer
/Users/bjerre/Work/Askov/GameDesign/Github/2DPlatformer_1920/2DPlatformer
Using Asset Import Pipeline V2.
Refreshing native plugins compatible for Editor in 111.22 ms, found 2 plugins.
Preloading 0 native plugins for Editor in 0.00 ms.
Initialize engine version: 2020.3.1f1 (77a89f25062f)
[Subsystems] Discovering subsystems at path /Applications/Unity/Hub/Editor/2020.3.1f1/Unity.app/Contents/Resources/UnitySubsystems
[Subsystems] Discovering subsystems at path /Users/bjerre/Work/Askov/GameDesign/Github/2DPlatformer_1920/2DPlatformer/Assets
GfxDevice: creating device client; threaded=0
2021-03-27 12:49:52.123 Unity[35829:3795255] DELL 2408WFP preferred device: AMD Radeon Pro 555 (high power)
2021-03-27 12:49:52.123 Unity[35829:3795255] Metal devices available: 2
2021-03-27 12:49:52.123 Unity[35829:3795255] 0: AMD Radeon Pro 555 (high power)
2021-03-27 12:49:52.123 Unity[35829:3795255] 1: Intel(R) HD Graphics 630 (low power)
2021-03-27 12:49:52.124 Unity[35829:3795255] Using device AMD Radeon Pro 555 (high power)
Initializing Metal device caps: AMD Radeon Pro 555
Shader 'Universal Render Pipeline/Particles/Lit': fallback shader 'Universal Render Pipeline/Particles/SimpleLit' not found
Initialize mono
Mono path[0] = '/Applications/Unity/Hub/Editor/2020.3.1f1/Unity.app/Contents/Managed'
Mono path[1] = '/Applications/Unity/Hub/Editor/2020.3.1f1/Unity.app/Contents/MonoBleedingEdge/lib/mono/unityjit'
Mono config path = '/Applications/Unity/Hub/Editor/2020.3.1f1/Unity.app/Contents/MonoBleedingEdge/etc'
Using monoOptions --debugger-agent=transport=dt_socket,embedding=1,server=y,suspend=n,address=127.0.0.1:56829
Begin MonoManager ReloadAssembly
Registering precompiled unity dll's ...
Register platform support module: /Applications/Unity/Hub/Editor/2020.3.1f1/Unity.app/Contents/PlaybackEngines/MacStandaloneSupport/UnityEditor.OSXStandalone.Extensions.dll
Registered in 0.002338 seconds.
Native extension for OSXStandalone target not found
Refreshing native plugins compatible for Editor in 120.00 ms, found 2 plugins.
Preloading 0 native plugins for Editor in 0.00 ms.
Invoked RoslynAnalysisRunner static constructor.
RoslynAnalysisRunner will not be running.
RoslynAnalysisRunner has terminated.
Mono: successfully reloaded assembly
- Completed reload, in  2.518 seconds
Platform modules already initialized, skipping
Registering precompiled user dll's ...
Registered in 0.017604 seconds.
Begin MonoManager ReloadAssembly
Native extension for OSXStandalone target not found
Refreshing native plugins compatible for Editor in 94.05 ms, found 2 plugins.
Preloading 0 native plugins for Editor in 0.00 ms.
Invoked RoslynAnalysisRunner static constructor.
RoslynAnalysisRunner will not be running.
RoslynAnalysisRunner has terminated.
Mono: successfully reloaded assembly
- Completed reload, in  1.982 seconds
Platform modules already initialized, skipping
========================================================================
Worker process is ready to serve import requests
Shader 'Universal Render Pipeline/Particles/Lit': fallback shader 'Universal Render Pipeline/Particles/SimpleLit' not found
Launching external process: /Applications/Unity/Hub/Editor/2020.3.1f1/Unity.app/Contents/Tools/UnityShaderCompiler
Launched and connected shader compiler UnityShaderCompiler after 0.03 seconds
Refreshing native plugins compatible for Editor in 1.32 ms, found 2 plugins.
Preloading 0 native plugins for Editor in 0.00 ms.
Unloading 3104 Unused Serialized files (Serialized files now loaded: 0)
System memory in use before: 206.9 MB.
System memory in use after: 207.1 MB.

Unloading 56 unused Assets to reduce memory usage. Loaded Objects now: 3553.
Total: 4.476292 ms (FindLiveObjects: 0.500947 ms CreateObjectMapping: 0.254603 ms MarkObjects: 3.604467 ms  DeleteObjects: 0.114642 ms)

========================================================================
Received Prepare
Registering precompiled user dll's ...
Registered in 0.011551 seconds.
Begin MonoManager ReloadAssembly
Native extension for OSXStandalone target not found
Refreshing native plugins compatible for Editor in 1.35 ms, found 2 plugins.
Preloading 0 native plugins for Editor in 0.00 ms.
Invoked RoslynAnalysisRunner static constructor.
RoslynAnalysisRunner will not be running.
RoslynAnalysisRunner has terminated.
Mono: successfully reloaded assembly
- Completed reload, in  2.390 seconds
Platform modules already initialized, skipping
Shader 'Universal Render Pipeline/Particles/Lit': fallback shader 'Universal Render Pipeline/Particles/SimpleLit' not found
Refreshing native plugins compatible for Editor in 1.73 ms, found 2 plugins.
Preloading 0 native plugins for Editor in 0.00 ms.
Unloading 3030 Unused Serialized files (Serialized files now loaded: 0)
System memory in use before: 201.7 MB.
System memory in use after: 202.0 MB.

Unloading 47 unused Assets to reduce memory usage. Loaded Objects now: 3556.
Total: 6.664303 ms (FindLiveObjects: 0.932691 ms CreateObjectMapping: 0.614893 ms MarkObjects: 5.047761 ms  DeleteObjects: 0.066085 ms)

========================================================================
Received Import Request.
  path: Assets/2DPlatformer/Scenes/Demo PlayerMovement Addforce.unity
  artifactKey: Guid(3f1ea5ec776ad4927999e00c959363ff) Importer(815301076,1909f56bfc062723c751e8b465ee728b)
Start importing Assets/2DPlatformer/Scenes/Demo PlayerMovement Addforce.unity using Guid(3f1ea5ec776ad4927999e00c959363ff) Importer(815301076,1909f56bfc062723c751e8b465ee728b)  -> (artifact id: '3831132f36b9a14b4a8616b0fff2222f') in 0.036142 seconds
  Import took 0.046425 seconds .

========================================================================
Received Prepare
Registering precompiled user dll's ...
Registered in 0.009902 seconds.
Begin MonoManager ReloadAssembly
Native extension for OSXStandalone target not found
Refreshing native plugins compatible for Editor in 1.26 ms, found 2 plugins.
Preloading 0 native plugins for Editor in 0.00 ms.
Invoked RoslynAnalysisRunner static constructor.
RoslynAnalysisRunner will not be running.
RoslynAnalysisRunner has terminated.
Mono: successfully reloaded assembly
- Completed reload, in  1.933 seconds
Platform modules already initialized, skipping
Shader 'Universal Render Pipeline/Particles/Lit': fallback shader 'Universal Render Pipeline/Particles/SimpleLit' not found
Refreshing native plugins compatible for Editor in 1.04 ms, found 2 plugins.
Preloading 0 native plugins for Editor in 0.00 ms.
Unloading 3039 Unused Serialized files (Serialized files now loaded: 0)
System memory in use before: 202.7 MB.
System memory in use after: 202.9 MB.

Unloading 47 unused Assets to reduce memory usage. Loaded Objects now: 3568.
Total: 5.030408 ms (FindLiveObjects: 0.829406 ms CreateObjectMapping: 0.423544 ms MarkObjects: 3.736468 ms  DeleteObjects: 0.039168 ms)

========================================================================
Received Prepare
Registering precompiled user dll's ...
Registered in 0.017731 seconds.
Begin MonoManager ReloadAssembly
Native extension for OSXStandalone target not found
Refreshing native plugins compatible for Editor in 1.04 ms, found 2 plugins.
Preloading 0 native plugins for Editor in 0.00 ms.
Invoked RoslynAnalysisRunner static constructor.
RoslynAnalysisRunner will not be running.
RoslynAnalysisRunner has terminated.
Mono: successfully reloaded assembly
- Completed reload, in  2.599 seconds
Platform modules already initialized, skipping
Shader 'Universal Render Pipeline/Particles/Lit': fallback shader 'Universal Render Pipeline/Particles/SimpleLit' not found
Refreshing native plugins compatible for Editor in 2.50 ms, found 2 plugins.
Preloading 0 native plugins for Editor in 0.00 ms.
Unloading 3040 Unused Serialized files (Serialized files now loaded: 0)
System memory in use before: 203.1 MB.
System memory in use after: 203.3 MB.

Unloading 47 unused Assets to reduce memory usage. Loaded Objects now: 3572.
Total: 8.866867 ms (FindLiveObjects: 0.962908 ms CreateObjectMapping: 0.670605 ms MarkObjects: 7.075041 ms  DeleteObjects: 0.155538 ms)

========================================================================
Received Prepare
Registering precompiled user dll's ...
Registered in 0.010200 seconds.
Begin MonoManager ReloadAssembly
Native extension for OSXStandalone target not found
Refreshing native plugins compatible for Editor in 1.02 ms, found 2 plugins.
Preloading 0 native plugins for Editor in 0.00 ms.
Invoked RoslynAnalysisRunner static constructor.
RoslynAnalysisRunner will not be running.
RoslynAnalysisRunner has terminated.
Mono: successfully reloaded assembly
- Completed reload, in  2.583 seconds
Platform modules already initialized, skipping
Shader 'Universal Render Pipeline/Particles/Lit': fallback shader 'Universal Render Pipeline/Particles/SimpleLit' not found
Refreshing native plugins compatible for Editor in 1.74 ms, found 2 plugins.
Preloading 0 native plugins for Editor in 0.00 ms.
Unloading 3040 Unused Serialized files (Serialized files now loaded: 0)
System memory in use before: 203.4 MB.
System memory in use after: 203.6 MB.

Unloading 47 unused Assets to reduce memory usage. Loaded Objects now: 3575.
Total: 6.851282 ms (FindLiveObjects: 0.898654 ms CreateObjectMapping: 0.563804 ms MarkObjects: 5.311366 ms  DeleteObjects: 0.073887 ms)

========================================================================
Received Prepare
Registering precompiled user dll's ...
Registered in 0.011580 seconds.
Begin MonoManager ReloadAssembly
Native extension for OSXStandalone target not found
Refreshing native plugins compatible for Editor in 1.57 ms, found 2 plugins.
Preloading 0 native plugins for Editor in 0.00 ms.
Invoked RoslynAnalysisRunner static constructor.
RoslynAnalysisRunner will not be running.
RoslynAnalysisRunner has terminated.
Mono: successfully reloaded assembly
- Completed reload, in  3.001 seconds
Platform modules already initialized, skipping
Shader 'Universal Render Pipeline/Particles/Lit': fallback shader 'Universal Render Pipeline/Particles/SimpleLit' not found
Refreshing native plugins compatible for Editor in 1.68 ms, found 2 plugins.
Preloading 0 native plugins for Editor in 0.00 ms.
Unloading 3041 Unused Serialized files (Serialized files now loaded: 0)
System memory in use before: 203.7 MB.
System memory in use after: 204.0 MB.

Unloading 47 unused Assets to reduce memory usage. Loaded Objects now: 3579.
Total: 6.684082 ms (FindLiveObjects: 0.910246 ms CreateObjectMapping: 0.590728 ms MarkObjects: 5.121972 ms  DeleteObjects: 0.056767 ms)

========================================================================
Received Prepare
Registering precompiled user dll's ...
Registered in 0.007154 seconds.
Begin MonoManager ReloadAssembly
Native extension for OSXStandalone target not found
Refreshing native plugins compatible for Editor in 2.05 ms, found 2 plugins.
Preloading 0 native plugins for Editor in 0.00 ms.
Invoked RoslynAnalysisRunner static constructor.
RoslynAnalysisRunner will not be running.
RoslynAnalysisRunner has terminated.
Mono: successfully reloaded assembly
- Completed reload, in  2.593 seconds
Platform modules already initialized, skipping
Shader 'Universal Render Pipeline/Particles/Lit': fallback shader 'Universal Render Pipeline/Particles/SimpleLit' not found
Refreshing native plugins compatible for Editor in 1.67 ms, found 2 plugins.
Preloading 0 native plugins for Editor in 0.00 ms.
Unloading 3041 Unused Serialized files (Serialized files now loaded: 0)
System memory in use before: 204.0 MB.
System memory in use after: 204.3 MB.

Unloading 47 unused Assets to reduce memory usage. Loaded Objects now: 3582.
Total: 4.987184 ms (FindLiveObjects: 0.487043 ms CreateObjectMapping: 0.252760 ms MarkObjects: 4.200595 ms  DeleteObjects: 0.044186 ms)

========================================================================
Received Prepare
Registering precompiled user dll's ...
Registered in 0.007119 seconds.
Begin MonoManager ReloadAssembly
Native extension for OSXStandalone target not found
Refreshing native plugins compatible for Editor in 1.42 ms, found 2 plugins.
Preloading 0 native plugins for Editor in 0.00 ms.
Invoked RoslynAnalysisRunner static constructor.
RoslynAnalysisRunner will not be running.
RoslynAnalysisRunner has terminated.
Mono: successfully reloaded assembly
- Completed reload, in  2.005 seconds
Platform modules already initialized, skipping
Shader 'Universal Render Pipeline/Particles/Lit': fallback shader 'Universal Render Pipeline/Particles/SimpleLit' not found
Refreshing native plugins compatible for Editor in 0.88 ms, found 2 plugins.
Preloading 0 native plugins for Editor in 0.00 ms.
Unloading 3041 Unused Serialized files (Serialized files now loaded: 0)
System memory in use before: 204.4 MB.
System memory in use after: 204.6 MB.

Unloading 47 unused Assets to reduce memory usage. Loaded Objects now: 3585.
Total: 4.031403 ms (FindLiveObjects: 0.627675 ms CreateObjectMapping: 0.225185 ms MarkObjects: 3.127309 ms  DeleteObjects: 0.049117 ms)

========================================================================
Received Import Request.
  Time since last request: 267.775370 seconds.
  path: Assets/2DPlatformer/Scripts/Player/PlayerMovementNew.cs
  artifactKey: Guid(cd61ed6a6e8494a74a6bc7697a5b8b67) Importer(815301076,1909f56bfc062723c751e8b465ee728b)
Start importing Assets/2DPlatformer/Scripts/Player/PlayerMovementNew.cs using Guid(cd61ed6a6e8494a74a6bc7697a5b8b67) Importer(815301076,1909f56bfc062723c751e8b465ee728b)  -> (artifact id: '4ab5c6c52f9bb489a4ed267f533abf98') in 0.782436 seconds
  Import took 0.793433 seconds .

========================================================================
Received Import Request.
  Time since last request: 30.960562 seconds.
  path: Assets/2DPlatformer/RenderSettings/New 2D Renderer Data.asset
  artifactKey: Guid(400aeffc70f5c43df92154ddbe50eb73) Importer(815301076,1909f56bfc062723c751e8b465ee728b)
Start importing Assets/2DPlatformer/RenderSettings/New 2D Renderer Data.asset using Guid(400aeffc70f5c43df92154ddbe50eb73) Importer(815301076,1909f56bfc062723c751e8b465ee728b)  -> (artifact id: '674cfb7e675b11329682e933a036338f') in 2.004123 seconds
  Import took 2.019067 seconds .

========================================================================
Received Import Request.
  Time since last request: 12.999887 seconds.
  path: Assets/2DPlatformer/RenderSettings/2D Renderer settings.asset
  artifactKey: Guid(400aeffc70f5c43df92154ddbe50eb73) Importer(815301076,1909f56bfc062723c751e8b465ee728b)
Start importing Assets/2DPlatformer/RenderSettings/2D Renderer settings.asset using Guid(400aeffc70f5c43df92154ddbe50eb73) Importer(815301076,1909f56bfc062723c751e8b465ee728b)  -> (artifact id: '66a04e27772bef6d021424ddba1bae88') in 0.062532 seconds
  Import took 0.071974 seconds .

========================================================================
Received Import Request.
  Time since last request: 10.740623 seconds.
  path: Assets/2DPlatformer/Scenes/Demo PlayerMovement.unity
  artifactKey: Guid(0a9e9064614a54a30aeec4e6f902a460) Importer(815301076,1909f56bfc062723c751e8b465ee728b)
Start importing Assets/2DPlatformer/Scenes/Demo PlayerMovement.unity using Guid(0a9e9064614a54a30aeec4e6f902a460) Importer(815301076,1909f56bfc062723c751e8b465ee728b)  -> (artifact id: '81e68a0bf70cdabb6b51f91c1c7de447') in 0.004151 seconds
  Import took 0.013618 seconds .

========================================================================
Received Prepare
Registering precompiled user dll's ...
Registered in 0.010409 seconds.
Begin MonoManager ReloadAssembly
Native extension for OSXStandalone target not found
Refreshing native plugins compatible for Editor in 1.22 ms, found 2 plugins.
Preloading 0 native plugins for Editor in 0.00 ms.
Invoked RoslynAnalysisRunner static constructor.
RoslynAnalysisRunner will not be running.
RoslynAnalysisRunner has terminated.
Mono: successfully reloaded assembly
- Completed reload, in  1.898 seconds
Platform modules already initialized, skipping
Shader 'Universal Render Pipeline/Particles/Lit': fallback shader 'Universal Render Pipeline/Particles/SimpleLit' not found
Refreshing native plugins compatible for Editor in 1.20 ms, found 2 plugins.
Preloading 0 native plugins for Editor in 0.00 ms.
Unloading 3041 Unused Serialized files (Serialized files now loaded: 0)
System memory in use before: 213.3 MB.
System memory in use after: 213.6 MB.

Unloading 47 unused Assets to reduce memory usage. Loaded Objects now: 3588.
Total: 3.635380 ms (FindLiveObjects: 0.656876 ms CreateObjectMapping: 0.334210 ms MarkObjects: 2.598683 ms  DeleteObjects: 0.043940 ms)

========================================================================
Received Import Request.
  Time since last request: 81.851680 seconds.
  path: Assets/2DPlatformer/Scripts/Player/SimplePlayerMovementTimedHighJump.cs
  artifactKey: Guid(1f27075327c264645aa065cd657bc7d1) Importer(815301076,1909f56bfc062723c751e8b465ee728b)
Start importing Assets/2DPlatformer/Scripts/Player/SimplePlayerMovementTimedHighJump.cs using Guid(1f27075327c264645aa065cd657bc7d1) Importer(815301076,1909f56bfc062723c751e8b465ee728b)  -> (artifact id: '06e60f065a75bf460eb7d67924b09b19') in 0.025082 seconds
  Import took 0.043803 seconds .

========================================================================
Received Import Request.
  Time since last request: 0.078881 seconds.
  path: Assets/2DPlatformer/Scripts/Player/SimplePlayerMovementTimedHighJump.cs
  artifactKey: Guid(1f27075327c264645aa065cd657bc7d1) Importer(815301076,1909f56bfc062723c751e8b465ee728b)
Start importing Assets/2DPlatformer/Scripts/Player/SimplePlayerMovementTimedHighJump.cs using Guid(1f27075327c264645aa065cd657bc7d1) Importer(815301076,1909f56bfc062723c751e8b465ee728b)  -> (artifact id: '06e60f065a75bf460eb7d67924b09b19') in 0.002457 seconds
  Import took 0.014120 seconds .

========================================================================
Received Prepare
Registering precompiled user dll's ...
Registered in 0.019480 seconds.
Begin MonoManager ReloadAssembly
Native extension for OSXStandalone target not found
Refreshing native plugins compatible for Editor in 1.13 ms, found 2 plugins.
Preloading 0 native plugins for Editor in 0.00 ms.
Invoked RoslynAnalysisRunner static constructor.
RoslynAnalysisRunner will not be running.
RoslynAnalysisRunner has terminated.
Mono: successfully reloaded assembly
- Completed reload, in  9.184 seconds
Platform modules already initialized, skipping
Shader 'Universal Render Pipeline/Particles/Lit': fallback shader 'Universal Render Pipeline/Particles/SimpleLit' not found
Refreshing native plugins compatible for Editor in 1.44 ms, found 2 plugins.
Preloading 0 native plugins for Editor in 0.00 ms.
Unloading 3041 Unused Serialized files (Serialized files now loaded: 0)
System memory in use before: 213.6 MB.
System memory in use after: 213.9 MB.

Unloading 47 unused Assets to reduce memory usage. Loaded Objects now: 3591.
Total: 4.868980 ms (FindLiveObjects: 0.644145 ms CreateObjectMapping: 0.529166 ms MarkObjects: 3.572836 ms  DeleteObjects: 0.051393 ms)

========================================================================
Received Prepare
Registering precompiled user dll's ...
Registered in 0.010295 seconds.
Begin MonoManager ReloadAssembly
Native extension for OSXStandalone target not found
Refreshing native plugins compatible for Editor in 1.20 ms, found 2 plugins.
Preloading 0 native plugins for Editor in 0.00 ms.
Invoked RoslynAnalysisRunner static constructor.
RoslynAnalysisRunner will not be running.
RoslynAnalysisRunner has terminated.
Mono: successfully reloaded assembly
- Completed reload, in  1.661 seconds
Platform modules already initialized, skipping
Shader 'Universal Render Pipeline/Particles/Lit': fallback shader 'Universal Render Pipeline/Particles/SimpleLit' not found
Refreshing native plugins compatible for Editor in 0.86 ms, found 2 plugins.
Preloading 0 native plugins for Editor in 0.00 ms.
Unloading 3041 Unused Serialized files (Serialized files now loaded: 0)
System memory in use before: 214.0 MB.
System memory in use after: 214.2 MB.

Unloading 47 unused Assets to reduce memory usage. Loaded Objects now: 3594.
Total: 6.906055 ms (FindLiveObjects: 1.161806 ms CreateObjectMapping: 0.581857 ms MarkObjects: 5.092534 ms  DeleteObjects: 0.065323 ms)

========================================================================
Received Prepare
Registering precompiled user dll's ...
Registered in 0.010527 seconds.
Begin MonoManager ReloadAssembly
Native extension for OSXStandalone target not found
Refreshing native plugins compatible for Editor in 1.46 ms, found 2 plugins.
Preloading 0 native plugins for Editor in 0.00 ms.
Invoked RoslynAnalysisRunner static constructor.
RoslynAnalysisRunner will not be running.
RoslynAnalysisRunner has terminated.
Mono: successfully reloaded assembly
- Completed reload, in  2.335 seconds
Platform modules already initialized, skipping
Shader 'Universal Render Pipeline/Particles/Lit': fallback shader 'Universal Render Pipeline/Particles/SimpleLit' not found
Refreshing native plugins compatible for Editor in 1.03 ms, found 2 plugins.
Preloading 0 native plugins for Editor in 0.00 ms.
Unloading 3041 Unused Serialized files (Serialized files now loaded: 0)
System memory in use before: 214.3 MB.
System memory in use after: 214.5 MB.

Unloading 47 unused Assets to reduce memory usage. Loaded Objects now: 3597.
Total: 5.775731 ms (FindLiveObjects: 0.752270 ms CreateObjectMapping: 0.340322 ms MarkObjects: 4.621423 ms  DeleteObjects: 0.058048 ms)

